app/build/outputs/logs/manifest-merger-debug-report.txt
-- Merging decision tree log ---
manifest
ADDED from src\main\AndroidManifest.xml:2:1-99:12
INJECTED from src\main\AndroidManifest.xml:2:1-99:12
INJECTED from src\main\AndroidManifest.xml:2:1-99:12
INJECTED from src\main\AndroidManifest.xml:2:1-99:12
INJECTED from src\main\AndroidManifest.xml:2:1-99:12
INJECTED from src\main\AndroidManifest.xml:2:1-99:12
INJECTED from src\main\AndroidManifest.xml:2:1-99:12
	package
		ADDED from src\main\AndroidManifest.xml:3:5-32
		INJECTED from src\main\AndroidManifest.xml
		INJECTED from src\main\AndroidManifest.xml
	android:versionName
		ADDED from src\main\AndroidManifest.xml:5:5-30
		INJECTED from src\main\AndroidManifest.xml
		INJECTED from src\main\AndroidManifest.xml
	xmlns:android
		ADDED from src\main\AndroidManifest.xml:2:11-69
	android:versionCode
		ADDED from src\main\AndroidManifest.xml:4:5-29
		INJECTED from src\main\AndroidManifest.xml
		INJECTED from src\main\AndroidManifest.xml
uses-sdk
ADDED from src\main\AndroidManifest.xml:7:5-44
INJECTED from src\main\AndroidManifest.xml:7:5-44
INJECTED from src\main\AndroidManifest.xml:7:5-44
INJECTED from src\main\AndroidManifest.xml:7:5-44
INJECTED from src\main\AndroidManifest.xml:7:5-44
	android:targetSdkVersion
		INJECTED from src\main\AndroidManifest.xml
		ADDED from src\main\AndroidManifest.xml:7:5-44
		INJECTED from src\main\AndroidManifest.xml
	android:minSdkVersion
		ADDED from src\main\AndroidManifest.xml:7:15-41
		INJECTED from src\main\AndroidManifest.xml
		INJECTED from src\main\AndroidManifest.xml
uses-permission#android.permission.CAMERA
ADDED from src\main\AndroidManifest.xml:9:5-65
	android:name
		ADDED from src\main\AndroidManifest.xml:9:22-62
uses-permission#android.permission.READ_EXTERNAL_STORAGE
ADDED from src\main\AndroidManifest.xml:10:5-80
	android:name
		ADDED from src\main\AndroidManifest.xml:10:22-77
uses-permission#android.permission.WRITE_EXTERNAL_STORAGE
ADDED from src\main\AndroidManifest.xml:11:5-81
	android:name
		ADDED from src\main\AndroidManifest.xml:11:22-78
uses-permission#android.permission.RECORD_AUDIO
ADDED from src\main\AndroidManifest.xml:12:5-71
	android:name
		ADDED from src\main\AndroidManifest.xml:12:22-68
uses-permission#android.permission.INTERNET
ADDED from src\main\AndroidManifest.xml:13:5-67
	android:name
		ADDED from src\main\AndroidManifest.xml:13:22-64
uses-permission#android.permission.READ_PHONE_STATE
ADDED from src\main\AndroidManifest.xml:14:5-75
	android:name
		ADDED from src\main\AndroidManifest.xml:14:22-72
uses-permission#android.permission.RECEIVE_BOOT_COMPLETED
ADDED from src\main\AndroidManifest.xml:15:5-81
	android:name
		ADDED from src\main\AndroidManifest.xml:15:22-78
uses-permission#android.permission.ACCESS_NETWORK_STATE
ADDED from src\main\AndroidManifest.xml:16:5-79
	android:name
		ADDED from src\main\AndroidManifest.xml:16:22-76
uses-permission#android.permission.WAKE_LOCK
ADDED from src\main\AndroidManifest.xml:17:5-68
	android:name
		ADDED from src\main\AndroidManifest.xml:17:22-65
uses-permission#android.permission.DISABLE_KEYGUARD
ADDED from src\main\AndroidManifest.xml:18:5-75
	android:name
		ADDED from src\main\AndroidManifest.xml:18:22-72
application
ADDED from src\main\AndroidManifest.xml:20:5-98:19
	android:label
		ADDED from src\main\AndroidManifest.xml:21:9-41
	android:icon
		ADDED from src\main\AndroidManifest.xml:22:9-38
activity#com.ramy.minervue.app.LoginActivity
ADDED from src\main\AndroidManifest.xml:23:9-31:20
	android:screenOrientation
		ADDED from src\main\AndroidManifest.xml:25:13-49
	android:theme
		ADDED from src\main\AndroidManifest.xml:26:13-66
	android:name
		ADDED from src\main\AndroidManifest.xml:24:13-46
intent-filter#action:name:android.intent.action.MAIN+category:name:android.intent.category.LAUNCHER
ADDED from src\main\AndroidManifest.xml:27:13-30:29
action#android.intent.action.MAIN
ADDED from src\main\AndroidManifest.xml:28:17-69
	android:name
		ADDED from src\main\AndroidManifest.xml:28:25-66
category#android.intent.category.LAUNCHER
ADDED from src\main\AndroidManifest.xml:29:17-77
	android:name
		ADDED from src\main\AndroidManifest.xml:29:27-74
activity#com.ramy.minervue.app.MainActivity
ADDED from src\main\AndroidManifest.xml:32:9-37:20
	android:screenOrientation
		ADDED from src\main\AndroidManifest.xml:35:13-49
	android:launchMode
		ADDED from src\main\AndroidManifest.xml:34:13-44
	android:theme
		ADDED from src\main\AndroidManifest.xml:36:13-54
	android:name
		ADDED from src\main\AndroidManifest.xml:33:13-45
activity#com.ramy.minervue.app.SettingActivity
ADDED from src\main\AndroidManifest.xml:38:9-43:20
	android:screenOrientation
		ADDED from src\main\AndroidManifest.xml:41:13-49
	android:launchMode
		ADDED from src\main\AndroidManifest.xml:40:13-44
	android:theme
		ADDED from src\main\AndroidManifest.xml:42:13-54
	android:name
		ADDED from src\main\AndroidManifest.xml:39:13-48
activity#com.ramy.minervue.app.VideoActivity
ADDED from src\main\AndroidManifest.xml:44:9-50:20
	android:screenOrientation
		ADDED from src\main\AndroidManifest.xml:48:13-50
	android:launchMode
		ADDED from src\main\AndroidManifest.xml:47:13-44
	android:configChanges
		ADDED from src\main\AndroidManifest.xml:46:13-90
	android:theme
		ADDED from src\main\AndroidManifest.xml:49:13-77
	android:name
		ADDED from src\main\AndroidManifest.xml:45:13-46
activity#com.ramy.minervue.app.GasActivity
ADDED from src\main\AndroidManifest.xml:51:9-57:20
	android:screenOrientation
		ADDED from src\main\AndroidManifest.xml:55:13-49
	android:launchMode
		ADDED from src\main\AndroidManifest.xml:54:13-44
	android:configChanges
		ADDED from src\main\AndroidManifest.xml:53:13-90
	android:theme
		ADDED from src\main\AndroidManifest.xml:56:13-54
	android:name
		ADDED from src\main\AndroidManifest.xml:52:13-44
activity#com.ramy.minervue.app.GasPhotographerActivity
ADDED from src\main\AndroidManifest.xml:58:9-64:20
	android:screenOrientation
		ADDED from src\main\AndroidManifest.xml:62:13-50
	android:launchMode
		ADDED from src\main\AndroidManifest.xml:61:13-44
	android:configChanges
		ADDED from src\main\AndroidManifest.xml:60:13-90
	android:theme
		ADDED from src\main\AndroidManifest.xml:63:13-77
	android:name
		ADDED from src\main\AndroidManifest.xml:59:13-56
activity#com.ramy.minervue.app.MonitorActivity
ADDED from src\main\AndroidManifest.xml:65:9-71:20
	android:screenOrientation
		ADDED from src\main\AndroidManifest.xml:69:13-50
	android:launchMode
		ADDED from src\main\AndroidManifest.xml:68:13-44
	android:configChanges
		ADDED from src\main\AndroidManifest.xml:67:13-90
	android:theme
		ADDED from src\main\AndroidManifest.xml:70:13-77
	android:name
		ADDED from src\main\AndroidManifest.xml:66:13-48
activity#com.ramy.minervue.app.FileListActivity
ADDED from src\main\AndroidManifest.xml:72:9-76:20
	android:screenOrientation
		ADDED from src\main\AndroidManifest.xml:74:13-49
	android:theme
		ADDED from src\main\AndroidManifest.xml:75:13-54
	android:name
		ADDED from src\main\AndroidManifest.xml:73:13-49
activity#com.ramy.minervue.app.BugReportActivity
ADDED from src\main\AndroidManifest.xml:77:9-81:20
	android:process
		ADDED from src\main\AndroidManifest.xml:78:13-50
	android:configChanges
		ADDED from src\main\AndroidManifest.xml:79:13-78
	android:theme
		ADDED from src\main\AndroidManifest.xml:80:13-54
	android:name
		ADDED from src\main\AndroidManifest.xml:77:19-56
receiver#com.ramy.minervue.app.ServiceLoader
ADDED from src\main\AndroidManifest.xml:83:9-87:20
	android:name
		ADDED from src\main\AndroidManifest.xml:83:19-52
intent-filter#action:name:android.intent.action.BOOT_COMPLETED
ADDED from src\main\AndroidManifest.xml:84:13-86:29
action#android.intent.action.BOOT_COMPLETED
ADDED from src\main\AndroidManifest.xml:85:17-78
	android:name
		ADDED from src\main\AndroidManifest.xml:85:25-76
receiver#com.ramy.minervue.sync.WifiStateReceiver
ADDED from src\main\AndroidManifest.xml:89:9-93:20
	android:name
		ADDED from src\main\AndroidManifest.xml:89:19-57
intent-filter#action:name:android.net.conn.CONNECTIVITY_CHANGE
ADDED from src\main\AndroidManifest.xml:90:13-92:29
action#android.net.conn.CONNECTIVITY_CHANGE
ADDED from src\main\AndroidManifest.xml:91:17-78
	android:name
		ADDED from src\main\AndroidManifest.xml:91:25-76
receiver#com.ramy.minervue.app.MainService$AlarmReceiver
ADDED from src\main\AndroidManifest.xml:95:9-67
	android:name
		ADDED from src\main\AndroidManifest.xml:95:19-64
service#com.ramy.minervue.app.MainService
ADDED from src\main\AndroidManifest.xml:97:9-52
	android:name
		ADDED from src\main\AndroidManifest.xml:97:18-49